<?xml version="1.0" encoding="UTF-8"?>
<beans xmlns="http://www.springframework.org/schema/beans"
       xmlns:xsi="http://www.w3.org/2001/XMLSchema-instance"
       xsi:schemaLocation="http://www.springframework.org/schema/beans
       http://www.springframework.org/schema/beans/spring-beans.xsd">

    <bean id="reusableDataSource" class="org.springframework.jdbc.datasource.DriverManagerDataSource">
        <property name="url" value="jdbc:mysql://127.0.0.1/testdb" />
        <property name="username" value="root" />
        <property name="password" value="l$de11@0$ql" />
    </bean>

    <bean id="instantiateUserDaoConnectedToDBWithDataSource" class="book.tobyspring.user.dao.UserDao">
        <property name="dataSource" ref="reusableDataSource"/>
    </bean>
</beans>
