<?xml version="1.0" encoding="UTF-8"?>
<beans xmlns="http://www.springframework.org/schema/beans"
       xmlns:xsi="http://www.w3.org/2001/XMLSchema-instance"
       xsi:schemaLocation="http://www.springframework.org/schema/beans
       http://www.springframework.org/schema/beans/spring-beans.xsd">

    <!--    <bean id="reusableConnectionMaker" class="book.tobyspring.user.dao.DConnectionMaker" />-->

    <!--    <bean id="instantiateUserDaoConnectedToDB" class="book.tobyspring.user.dao.UserDao">-->
    <!--        <property name="connectionMaker" ref="reusableConnectionMaker" />-->
    <!--    </bean>-->

    <bean id="reusableDataSource" class="org.springframework.jdbc.datasource.DriverManagerDataSource">
        <property name="url" value="" />
        <property name="username" value="" />
        <property name="password" value="" />
    </bean>

    <bean id="instantiateUserDaoConnectedToDBWithDataSource" class="book.tobyspring.user.dao.UserDao">
        <property name="dataSource" ref="reusableDataSource"/>
    </bean>
</beans>
